The system is: Windows - 10.0.22621 - AMD64
Compiling the C compiler identification source file "CMakeCCompilerId.c" succeeded.
Compiler:  
Build flags: /DWIN32;/D_WINDOWS;/W3
Id flags:  

The output was:
0
适用于 .NET Framework MSBuild 版本 17.7.2+d6990bcfa
生成启动时间为 2023/9/25 14:33:54。

节点 1 上的项目“D:\Projects\bridge\build\CMakeFiles\3.22.4\CompilerIdC\CompilerIdC.vcxproj”(默认目标)。
PrepareForBuild:
  正在创建目录“Debug\”。
  正在创建目录“Debug\CompilerIdC.tlog\”。
InitializeBuildStatus:
  正在创建“Debug\CompilerIdC.tlog\unsuccessfulbuild”，因为已指定“AlwaysCreate”。
  正在对“Debug\CompilerIdC.tlog\unsuccessfulbuild”执行 Touch 任务。
ClCompile:
  D:\Program Files (x86)\vs22\VC\Tools\MSVC\14.37.32822\bin\HostX64\x64\CL.exe /c /nologo /W0 /WX- /diagnostics:column /Od /D _MBCS /Gm- /EHsc /RTC1 /MDd /GS /fp:precise /Zc:wchar_t /Zc:forScope /Zc:inline /Fo"Debug\\" /Fd"Debug\vc143.pdb" /external:W0 /Gd /TC /FC /errorReport:queue CMakeCCompilerId.c
  CMakeCCompilerId.c
Link:
  D:\Program Files (x86)\vs22\VC\Tools\MSVC\14.37.32822\bin\HostX64\x64\link.exe /ERRORREPORT:QUEUE /OUT:".\CompilerIdC.exe" /INCREMENTAL:NO /NOLOGO kernel32.lib user32.lib gdi32.lib winspool.lib comdlg32.lib advapi32.lib shell32.lib ole32.lib oleaut32.lib uuid.lib odbc32.lib odbccp32.lib /MANIFEST /MANIFESTUAC:"level='asInvoker' uiAccess='false'" /manifest:embed /PDB:".\CompilerIdC.pdb" /SUBSYSTEM:CONSOLE /TLBID:1 /DYNAMICBASE /NXCOMPAT /IMPLIB:".\CompilerIdC.lib" /MACHINE:X64 Debug\CMakeCCompilerId.obj
  CompilerIdC.vcxproj -> D:\Projects\bridge\build\CMakeFiles\3.22.4\CompilerIdC\CompilerIdC.exe
PostBuildEvent:
  for %%i in (cl.exe) do @echo CMAKE_C_COMPILER=%%~$PATH:i
  :VCEnd
  CMAKE_C_COMPILER=D:\Program Files (x86)\vs22\VC\Tools\MSVC\14.37.32822\bin\Hostx64\x64\cl.exe
FinalizeBuildStatus:
  正在删除文件“Debug\CompilerIdC.tlog\unsuccessfulbuild”。
  正在对“Debug\CompilerIdC.tlog\CompilerIdC.lastbuildstate”执行 Touch 任务。
已完成生成项目“D:\Projects\bridge\build\CMakeFiles\3.22.4\CompilerIdC\CompilerIdC.vcxproj”(默认目标)的操作。

已成功生成。
    0 个警告
    0 个错误

已用时间 00:00:01.02


Compilation of the C compiler identification source "CMakeCCompilerId.c" produced "CompilerIdC.exe"

Compilation of the C compiler identification source "CMakeCCompilerId.c" produced "CompilerIdC.vcxproj"

The C compiler identification is MSVC, found in "D:/Projects/bridge/build/CMakeFiles/3.22.4/CompilerIdC/CompilerIdC.exe"

Compiling the CXX compiler identification source file "CMakeCXXCompilerId.cpp" succeeded.
Compiler:  
Build flags: /DWIN32;/D_WINDOWS;/W3;/GR;/EHsc
Id flags:  

The output was:
0
适用于 .NET Framework MSBuild 版本 17.7.2+d6990bcfa
生成启动时间为 2023/9/25 14:33:55。

节点 1 上的项目“D:\Projects\bridge\build\CMakeFiles\3.22.4\CompilerIdCXX\CompilerIdCXX.vcxproj”(默认目标)。
PrepareForBuild:
  正在创建目录“Debug\”。
  正在创建目录“Debug\CompilerIdCXX.tlog\”。
InitializeBuildStatus:
  正在创建“Debug\CompilerIdCXX.tlog\unsuccessfulbuild”，因为已指定“AlwaysCreate”。
  正在对“Debug\CompilerIdCXX.tlog\unsuccessfulbuild”执行 Touch 任务。
ClCompile:
  D:\Program Files (x86)\vs22\VC\Tools\MSVC\14.37.32822\bin\HostX64\x64\CL.exe /c /nologo /W0 /WX- /diagnostics:column /Od /D _MBCS /Gm- /EHsc /RTC1 /MDd /GS /fp:precise /Zc:wchar_t /Zc:forScope /Zc:inline /Fo"Debug\\" /Fd"Debug\vc143.pdb" /external:W0 /Gd /TP /FC /errorReport:queue CMakeCXXCompilerId.cpp
  CMakeCXXCompilerId.cpp
Link:
  D:\Program Files (x86)\vs22\VC\Tools\MSVC\14.37.32822\bin\HostX64\x64\link.exe /ERRORREPORT:QUEUE /OUT:".\CompilerIdCXX.exe" /INCREMENTAL:NO /NOLOGO kernel32.lib user32.lib gdi32.lib winspool.lib comdlg32.lib advapi32.lib shell32.lib ole32.lib oleaut32.lib uuid.lib odbc32.lib odbccp32.lib /MANIFEST /MANIFESTUAC:"level='asInvoker' uiAccess='false'" /manifest:embed /PDB:".\CompilerIdCXX.pdb" /SUBSYSTEM:CONSOLE /TLBID:1 /DYNAMICBASE /NXCOMPAT /IMPLIB:".\CompilerIdCXX.lib" /MACHINE:X64 Debug\CMakeCXXCompilerId.obj
  CompilerIdCXX.vcxproj -> D:\Projects\bridge\build\CMakeFiles\3.22.4\CompilerIdCXX\CompilerIdCXX.exe
PostBuildEvent:
  for %%i in (cl.exe) do @echo CMAKE_CXX_COMPILER=%%~$PATH:i
  :VCEnd
  CMAKE_CXX_COMPILER=D:\Program Files (x86)\vs22\VC\Tools\MSVC\14.37.32822\bin\Hostx64\x64\cl.exe
FinalizeBuildStatus:
  正在删除文件“Debug\CompilerIdCXX.tlog\unsuccessfulbuild”。
  正在对“Debug\CompilerIdCXX.tlog\CompilerIdCXX.lastbuildstate”执行 Touch 任务。
已完成生成项目“D:\Projects\bridge\build\CMakeFiles\3.22.4\CompilerIdCXX\CompilerIdCXX.vcxproj”(默认目标)的操作。

已成功生成。
    0 个警告
    0 个错误

已用时间 00:00:00.62


Compilation of the CXX compiler identification source "CMakeCXXCompilerId.cpp" produced "CompilerIdCXX.exe"

Compilation of the CXX compiler identification source "CMakeCXXCompilerId.cpp" produced "CompilerIdCXX.vcxproj"

The CXX compiler identification is MSVC, found in "D:/Projects/bridge/build/CMakeFiles/3.22.4/CompilerIdCXX/CompilerIdCXX.exe"

Detecting C compiler ABI info compiled with the following output:
Change Dir: D:/Projects/bridge/build/CMakeFiles/CMakeTmp

Run Build Command(s):D:/Program Files (x86)/vs22/MSBuild/Current/Bin/amd64/MSBuild.exe cmTC_f37ec.vcxproj /p:Configuration=Debug /p:Platform=x64 /p:VisualStudioVersion=17.0 /v:m && 适用于 .NET Framework MSBuild 版本 17.7.2+d6990bcfa

  Microsoft (R) C/C++ Optimizing Compiler Version 19.37.32822 for x64
  CMakeCCompilerABI.c
  Copyright (C) Microsoft Corporation.  All rights reserved.
  cl /c /Zi /W3 /WX- /diagnostics:column /Od /Ob0 /D _MBCS /D WIN32 /D _WINDOWS /D "CMAKE_INTDIR=\"Debug\"" /Gm- /RTC1 /MDd /GS /fp:precise /Zc:wchar_t /Zc:forScope /Zc:inline /Fo"cmTC_f37ec.dir\Debug\\" /Fd"cmTC_f37ec.dir\Debug\vc143.pdb" /external:W3 /Gd /TC /errorReport:queue "D:\Program Files (x86)\share\cmake-3.22\Modules\CMakeCCompilerABI.c"
  cmTC_f37ec.vcxproj -> D:\Projects\bridge\build\CMakeFiles\CMakeTmp\Debug\cmTC_f37ec.exe



Detecting CXX compiler ABI info compiled with the following output:
Change Dir: D:/Projects/bridge/build/CMakeFiles/CMakeTmp

Run Build Command(s):D:/Program Files (x86)/vs22/MSBuild/Current/Bin/amd64/MSBuild.exe cmTC_bcfe7.vcxproj /p:Configuration=Debug /p:Platform=x64 /p:VisualStudioVersion=17.0 /v:m && 适用于 .NET Framework MSBuild 版本 17.7.2+d6990bcfa

  Microsoft (R) C/C++ Optimizing Compiler Version 19.37.32822 for x64
  CMakeCXXCompilerABI.cpp
  Copyright (C) Microsoft Corporation.  All rights reserved.
  cl /c /Zi /W3 /WX- /diagnostics:column /Od /Ob0 /D _MBCS /D WIN32 /D _WINDOWS /D "CMAKE_INTDIR=\"Debug\"" /Gm- /EHsc /RTC1 /MDd /GS /fp:precise /Zc:wchar_t /Zc:forScope /Zc:inline /GR /Fo"cmTC_bcfe7.dir\Debug\\" /Fd"cmTC_bcfe7.dir\Debug\vc143.pdb" /external:W3 /Gd /TP /errorReport:queue "D:\Program Files (x86)\share\cmake-3.22\Modules\CMakeCXXCompilerABI.cpp"
  cmTC_bcfe7.vcxproj -> D:\Projects\bridge\build\CMakeFiles\CMakeTmp\Debug\cmTC_bcfe7.exe



